Namespace(cuda=1, dev_data='../release/dev', dev_ref_file='../release/dev/dev_ref.csv', epochs=100, kernel_size=7, learning_rate=5e-06, log_name='conv_dis.log', model_name='conv_dis.pth', overlap_k=0, pretrained_model='distilbert-base-multilingual-cased', ratio=None, round=1000, train='conv', train_data='../release/train', use_sampler=False)
loading configuration file https://s3.amazonaws.com/models.huggingface.co/bert/distilbert-base-multilingual-cased-config.json from cache at /home/robert1003/.cache/torch/transformers/aee7490b1a48646df683dee12f25d9c63ebbf8dce1b7e1a656ce28830d9a7e86.bc76a47cb1c1c2984e48f23afbd3473a944ac1a2be9a8c8200092f5bf62153c9
Model config DistilBertConfig {
  "_num_labels": 2,
  "activation": "gelu",
  "architectures": [
    "DistilBertForMaskedLM"
  ],
  "attention_dropout": 0.1,
  "bad_words_ids": null,
  "bos_token_id": null,
  "decoder_start_token_id": null,
  "dim": 768,
  "do_sample": false,
  "dropout": 0.1,
  "early_stopping": false,
  "eos_token_id": null,
  "finetuning_task": null,
  "hidden_dim": 3072,
  "id2label": {
    "0": "LABEL_0",
    "1": "LABEL_1"
  },
  "initializer_range": 0.02,
  "is_decoder": false,
  "is_encoder_decoder": false,
  "label2id": {
    "LABEL_0": 0,
    "LABEL_1": 1
  },
  "length_penalty": 1.0,
  "max_length": 20,
  "max_position_embeddings": 512,
  "min_length": 0,
  "model_type": "distilbert",
  "n_heads": 12,
  "n_layers": 6,
  "no_repeat_ngram_size": 0,
  "num_beams": 1,
  "num_return_sequences": 1,
  "output_attentions": false,
  "output_hidden_states": false,
  "output_past": true,
  "pad_token_id": 0,
  "prefix": null,
  "pruned_heads": {},
  "qa_dropout": 0.1,
  "repetition_penalty": 1.0,
  "seq_classif_dropout": 0.2,
  "sinusoidal_pos_embds": false,
  "task_specific_params": null,
  "temperature": 1.0,
  "tie_weights_": true,
  "top_k": 50,
  "top_p": 1.0,
  "torchscript": false,
  "use_bfloat16": false,
  "vocab_size": 119547
}

loading file https://s3.amazonaws.com/models.huggingface.co/bert/bert-base-multilingual-cased-vocab.txt from cache at /home/robert1003/.cache/torch/transformers/96435fa287fbf7e469185f1062386e05a075cadbf6838b74da22bf64b080bc32.99bcd55fc66f4f3360bc49ba472b940b8dcf223ea6a345deb969d607ca900729
loading configuration file https://s3.amazonaws.com/models.huggingface.co/bert/distilbert-base-multilingual-cased-config.json from cache at /home/robert1003/.cache/torch/transformers/aee7490b1a48646df683dee12f25d9c63ebbf8dce1b7e1a656ce28830d9a7e86.bc76a47cb1c1c2984e48f23afbd3473a944ac1a2be9a8c8200092f5bf62153c9
Model config DistilBertConfig {
  "_num_labels": 2,
  "activation": "gelu",
  "architectures": [
    "DistilBertForMaskedLM"
  ],
  "attention_dropout": 0.1,
  "bad_words_ids": null,
  "bos_token_id": null,
  "decoder_start_token_id": null,
  "dim": 768,
  "do_sample": false,
  "dropout": 0.1,
  "early_stopping": false,
  "eos_token_id": null,
  "finetuning_task": null,
  "hidden_dim": 3072,
  "id2label": {
    "0": "LABEL_0",
    "1": "LABEL_1"
  },
  "initializer_range": 0.02,
  "is_decoder": false,
  "is_encoder_decoder": false,
  "label2id": {
    "LABEL_0": 0,
    "LABEL_1": 1
  },
  "length_penalty": 1.0,
  "max_length": 20,
  "max_position_embeddings": 512,
  "min_length": 0,
  "model_type": "distilbert",
  "n_heads": 12,
  "n_layers": 6,
  "no_repeat_ngram_size": 0,
  "num_beams": 1,
  "num_return_sequences": 1,
  "output_attentions": false,
  "output_hidden_states": false,
  "output_past": true,
  "pad_token_id": 0,
  "prefix": null,
  "pruned_heads": {},
  "qa_dropout": 0.1,
  "repetition_penalty": 1.0,
  "seq_classif_dropout": 0.2,
  "sinusoidal_pos_embds": false,
  "task_specific_params": null,
  "temperature": 1.0,
  "tie_weights_": true,
  "top_k": 50,
  "top_p": 1.0,
  "torchscript": false,
  "use_bfloat16": false,
  "vocab_size": 119547
}

loading weights file https://s3.amazonaws.com/models.huggingface.co/bert/distilbert-base-multilingual-cased-pytorch_model.bin from cache at /home/robert1003/.cache/torch/transformers/0d401151dcea5522ca37ad1d8fe0e1451e600bd5611c7ac1ce1d71fe871f1116.89fad86febf14521569023d312560283a922c0884a52f412eef4e96f91513ab2
Epoch 1/100: training loss = 0.90913, dev loss = 0.59489, dev f1 score = 0.88506, Time 6m 9s (- 609m 31s)
Update best f1: 0.00000 -> 0.88506, saving model to conv_dis.pth
Epoch 2/100: training loss = 0.45226, dev loss = 0.38687, dev f1 score = 0.90087, Time 12m 37s (- 618m 43s)
Update best f1: 0.88506 -> 0.90087, saving model to conv_dis.pth
Epoch 3/100: training loss = 0.32817, dev loss = 0.31273, dev f1 score = 0.90919, Time 19m 6s (- 618m 4s)
Update best f1: 0.90087 -> 0.90919, saving model to conv_dis.pth
Epoch 4/100: training loss = 0.26147, dev loss = 0.29642, dev f1 score = 0.92224, Time 25m 42s (- 616m 59s)
Update best f1: 0.90919 -> 0.92224, saving model to conv_dis.pth
Epoch 5/100: training loss = 0.22646, dev loss = 0.29594, dev f1 score = 0.91987, Time 32m 13s (- 612m 15s)
Epoch 6/100: training loss = 0.20254, dev loss = 0.26917, dev f1 score = 0.92146, Time 38m 23s (- 601m 34s)
Epoch 7/100: training loss = 0.18960, dev loss = 0.27032, dev f1 score = 0.92202, Time 44m 33s (- 591m 59s)
Epoch 8/100: training loss = 0.17232, dev loss = 0.26028, dev f1 score = 0.92097, Time 50m 43s (- 583m 21s)
Epoch 9/100: training loss = 0.16173, dev loss = 0.25312, dev f1 score = 0.92080, Time 56m 54s (- 575m 23s)
Epoch 10/100: training loss = 0.14993, dev loss = 0.27385, dev f1 score = 0.92570, Time 63m 4s (- 567m 43s)
Update best f1: 0.92224 -> 0.92570, saving model to conv_dis.pth
Epoch 11/100: training loss = 0.14431, dev loss = 0.27163, dev f1 score = 0.92071, Time 69m 33s (- 562m 45s)
Epoch 12/100: training loss = 0.13749, dev loss = 0.27987, dev f1 score = 0.92324, Time 75m 44s (- 555m 25s)
Epoch 13/100: training loss = 0.13315, dev loss = 0.28244, dev f1 score = 0.92139, Time 81m 53s (- 548m 4s)
Epoch 14/100: training loss = 0.12821, dev loss = 0.27438, dev f1 score = 0.91947, Time 88m 6s (- 541m 12s)
Epoch 15/100: training loss = 0.12540, dev loss = 0.28234, dev f1 score = 0.92246, Time 94m 16s (- 534m 13s)
Epoch 16/100: training loss = 0.11879, dev loss = 0.28838, dev f1 score = 0.92153, Time 100m 27s (- 527m 23s)
Epoch 17/100: training loss = 0.11899, dev loss = 0.28647, dev f1 score = 0.92222, Time 106m 35s (- 520m 25s)
Epoch 18/100: training loss = 0.11562, dev loss = 0.32280, dev f1 score = 0.91478, Time 112m 45s (- 513m 39s)
Epoch 19/100: training loss = 0.11239, dev loss = 0.28084, dev f1 score = 0.92439, Time 118m 56s (- 507m 2s)
Epoch 20/100: training loss = 0.10971, dev loss = 0.30653, dev f1 score = 0.92221, Time 125m 6s (- 500m 27s)
Epoch 21/100: training loss = 0.10847, dev loss = 0.30573, dev f1 score = 0.92084, Time 131m 17s (- 493m 52s)
Epoch 22/100: training loss = 0.10710, dev loss = 0.28718, dev f1 score = 0.92158, Time 137m 28s (- 487m 24s)
Epoch 23/100: training loss = 0.10694, dev loss = 0.30022, dev f1 score = 0.92129, Time 143m 39s (- 480m 55s)
Epoch 24/100: training loss = 0.10423, dev loss = 0.30330, dev f1 score = 0.92397, Time 149m 50s (- 474m 29s)
Epoch 25/100: training loss = 0.10221, dev loss = 0.29411, dev f1 score = 0.92543, Time 156m 1s (- 468m 3s)
Epoch 26/100: training loss = 0.10084, dev loss = 0.32524, dev f1 score = 0.92070, Time 162m 11s (- 461m 37s)
Epoch 27/100: training loss = 0.10087, dev loss = 0.31124, dev f1 score = 0.92514, Time 168m 21s (- 455m 11s)
Epoch 28/100: training loss = 0.10194, dev loss = 0.30189, dev f1 score = 0.92656, Time 174m 31s (- 448m 46s)
Update best f1: 0.92570 -> 0.92656, saving model to conv_dis.pth
Epoch 29/100: training loss = 0.09880, dev loss = 0.33315, dev f1 score = 0.92483, Time 180m 59s (- 443m 7s)
Epoch 30/100: training loss = 0.10090, dev loss = 0.30905, dev f1 score = 0.92557, Time 187m 9s (- 436m 41s)
Epoch 31/100: training loss = 0.09932, dev loss = 0.32802, dev f1 score = 0.92697, Time 193m 19s (- 430m 17s)
Update best f1: 0.92656 -> 0.92697, saving model to conv_dis.pth
Epoch 32/100: training loss = 0.09775, dev loss = 0.33942, dev f1 score = 0.91988, Time 199m 55s (- 424m 51s)
Epoch 33/100: training loss = 0.09563, dev loss = 0.33016, dev f1 score = 0.92359, Time 206m 6s (- 418m 27s)
Epoch 34/100: training loss = 0.09837, dev loss = 0.36535, dev f1 score = 0.91891, Time 212m 15s (- 412m 1s)
Epoch 35/100: training loss = 0.09872, dev loss = 0.31029, dev f1 score = 0.92506, Time 218m 25s (- 405m 38s)
Epoch 36/100: training loss = 0.09490, dev loss = 0.33262, dev f1 score = 0.92575, Time 224m 35s (- 399m 16s)
Epoch 37/100: training loss = 0.09410, dev loss = 0.33884, dev f1 score = 0.92413, Time 230m 46s (- 392m 56s)
Epoch 38/100: training loss = 0.09594, dev loss = 0.34201, dev f1 score = 0.92474, Time 236m 56s (- 386m 34s)
Epoch 39/100: training loss = 0.09667, dev loss = 0.32196, dev f1 score = 0.92675, Time 243m 5s (- 380m 13s)
Epoch 40/100: training loss = 0.09271, dev loss = 0.34866, dev f1 score = 0.92604, Time 249m 16s (- 373m 54s)
Epoch 41/100: training loss = 0.09603, dev loss = 0.35050, dev f1 score = 0.92507, Time 255m 24s (- 367m 33s)
Epoch 42/100: training loss = 0.09273, dev loss = 0.34691, dev f1 score = 0.92802, Time 261m 34s (- 361m 13s)
Update best f1: 0.92697 -> 0.92802, saving model to conv_dis.pth
Epoch 43/100: training loss = 0.09398, dev loss = 0.32442, dev f1 score = 0.92625, Time 268m 5s (- 355m 22s)
Epoch 44/100: training loss = 0.09238, dev loss = 0.34933, dev f1 score = 0.92585, Time 274m 16s (- 349m 5s)
Epoch 45/100: training loss = 0.09062, dev loss = 0.37300, dev f1 score = 0.92462, Time 280m 26s (- 342m 45s)
Epoch 46/100: training loss = 0.09190, dev loss = 0.39093, dev f1 score = 0.92128, Time 286m 38s (- 336m 29s)
Epoch 47/100: training loss = 0.09326, dev loss = 0.35076, dev f1 score = 0.92356, Time 292m 50s (- 330m 13s)
Epoch 48/100: training loss = 0.09154, dev loss = 0.36220, dev f1 score = 0.92545, Time 299m 2s (- 323m 57s)
Epoch 49/100: training loss = 0.08938, dev loss = 0.37259, dev f1 score = 0.92047, Time 305m 14s (- 317m 41s)
Epoch 50/100: training loss = 0.09316, dev loss = 0.32852, dev f1 score = 0.92169, Time 311m 23s (- 311m 23s)
Epoch 51/100: training loss = 0.08924, dev loss = 0.35880, dev f1 score = 0.93040, Time 317m 34s (- 305m 7s)
Update best f1: 0.92802 -> 0.93040, saving model to conv_dis.pth
Epoch 52/100: training loss = 0.08853, dev loss = 0.36282, dev f1 score = 0.92027, Time 324m 2s (- 299m 7s)
Epoch 53/100: training loss = 0.08809, dev loss = 0.35746, dev f1 score = 0.92531, Time 330m 12s (- 292m 49s)
Epoch 54/100: training loss = 0.08905, dev loss = 0.38847, dev f1 score = 0.92069, Time 336m 23s (- 286m 33s)
Epoch 55/100: training loss = 0.09186, dev loss = 0.35392, dev f1 score = 0.92214, Time 342m 33s (- 280m 16s)
Epoch 56/100: training loss = 0.08989, dev loss = 0.33255, dev f1 score = 0.92528, Time 348m 42s (- 273m 59s)
Epoch 57/100: training loss = 0.08910, dev loss = 0.33464, dev f1 score = 0.92536, Time 354m 52s (- 267m 42s)
Epoch 58/100: training loss = 0.08769, dev loss = 0.33979, dev f1 score = 0.92312, Time 361m 2s (- 261m 26s)
Epoch 59/100: training loss = 0.09133, dev loss = 0.34183, dev f1 score = 0.92450, Time 367m 13s (- 255m 11s)
Epoch 60/100: training loss = 0.08636, dev loss = 0.36159, dev f1 score = 0.92767, Time 373m 24s (- 248m 56s)
Epoch 61/100: training loss = 0.09012, dev loss = 0.33324, dev f1 score = 0.92594, Time 379m 33s (- 242m 40s)
Epoch 62/100: training loss = 0.08834, dev loss = 0.35146, dev f1 score = 0.92690, Time 385m 44s (- 236m 25s)
Epoch 63/100: training loss = 0.08720, dev loss = 0.34564, dev f1 score = 0.92499, Time 391m 55s (- 230m 10s)
Epoch 64/100: training loss = 0.08827, dev loss = 0.34208, dev f1 score = 0.92633, Time 398m 5s (- 223m 55s)
Epoch 65/100: training loss = 0.08944, dev loss = 0.33950, dev f1 score = 0.92324, Time 404m 16s (- 217m 41s)
Epoch 66/100: training loss = 0.08684, dev loss = 0.35885, dev f1 score = 0.92914, Time 410m 28s (- 211m 27s)
Epoch 67/100: training loss = 0.09065, dev loss = 0.33791, dev f1 score = 0.92443, Time 416m 37s (- 205m 12s)
