Namespace(cuda=0, dev_data='../release/dev', dev_ref_file='../release/dev/dev_ref.csv', epochs=30, kernel_size=11, learning_rate=5e-06, log_name='conv.log', model_name='conv.pth', overlap_k=0, pretrained_model='bert-base-multilingual-cased', ratio=None, round=1000, train='conv', train_data='../release/train', use_sampler=False)
loading configuration file https://s3.amazonaws.com/models.huggingface.co/bert/bert-base-multilingual-cased-config.json from cache at /home/robert1003/.cache/torch/transformers/45629519f3117b89d89fd9c740073d8e4c1f0a70f9842476185100a8afe715d1.65df3cef028a0c91a7b059e4c404a975ebe6843c71267b67019c0e9cfa8a88f0
Model config BertConfig {
  "_num_labels": 2,
  "architectures": [
    "BertForMaskedLM"
  ],
  "attention_probs_dropout_prob": 0.1,
  "bad_words_ids": null,
  "bos_token_id": null,
  "decoder_start_token_id": null,
  "directionality": "bidi",
  "do_sample": false,
  "early_stopping": false,
  "eos_token_id": null,
  "finetuning_task": null,
  "hidden_act": "gelu",
  "hidden_dropout_prob": 0.1,
  "hidden_size": 768,
  "id2label": {
    "0": "LABEL_0",
    "1": "LABEL_1"
  },
  "initializer_range": 0.02,
  "intermediate_size": 3072,
  "is_decoder": false,
  "is_encoder_decoder": false,
  "label2id": {
    "LABEL_0": 0,
    "LABEL_1": 1
  },
  "layer_norm_eps": 1e-12,
  "length_penalty": 1.0,
  "max_length": 20,
  "max_position_embeddings": 512,
  "min_length": 0,
  "model_type": "bert",
  "no_repeat_ngram_size": 0,
  "num_attention_heads": 12,
  "num_beams": 1,
  "num_hidden_layers": 12,
  "num_return_sequences": 1,
  "output_attentions": false,
  "output_hidden_states": false,
  "output_past": true,
  "pad_token_id": 0,
  "pooler_fc_size": 768,
  "pooler_num_attention_heads": 12,
  "pooler_num_fc_layers": 3,
  "pooler_size_per_head": 128,
  "pooler_type": "first_token_transform",
  "prefix": null,
  "pruned_heads": {},
  "repetition_penalty": 1.0,
  "task_specific_params": null,
  "temperature": 1.0,
  "top_k": 50,
  "top_p": 1.0,
  "torchscript": false,
  "type_vocab_size": 2,
  "use_bfloat16": false,
  "vocab_size": 119547
}

loading file https://s3.amazonaws.com/models.huggingface.co/bert/bert-base-multilingual-cased-vocab.txt from cache at /home/robert1003/.cache/torch/transformers/96435fa287fbf7e469185f1062386e05a075cadbf6838b74da22bf64b080bc32.99bcd55fc66f4f3360bc49ba472b940b8dcf223ea6a345deb969d607ca900729
loading configuration file https://s3.amazonaws.com/models.huggingface.co/bert/bert-base-multilingual-cased-config.json from cache at /home/robert1003/.cache/torch/transformers/45629519f3117b89d89fd9c740073d8e4c1f0a70f9842476185100a8afe715d1.65df3cef028a0c91a7b059e4c404a975ebe6843c71267b67019c0e9cfa8a88f0
Model config BertConfig {
  "_num_labels": 2,
  "architectures": [
    "BertForMaskedLM"
  ],
  "attention_probs_dropout_prob": 0.1,
  "bad_words_ids": null,
  "bos_token_id": null,
  "decoder_start_token_id": null,
  "directionality": "bidi",
  "do_sample": false,
  "early_stopping": false,
  "eos_token_id": null,
  "finetuning_task": null,
  "hidden_act": "gelu",
  "hidden_dropout_prob": 0.1,
  "hidden_size": 768,
  "id2label": {
    "0": "LABEL_0",
    "1": "LABEL_1"
  },
  "initializer_range": 0.02,
  "intermediate_size": 3072,
  "is_decoder": false,
  "is_encoder_decoder": false,
  "label2id": {
    "LABEL_0": 0,
    "LABEL_1": 1
  },
  "layer_norm_eps": 1e-12,
  "length_penalty": 1.0,
  "max_length": 20,
  "max_position_embeddings": 512,
  "min_length": 0,
  "model_type": "bert",
  "no_repeat_ngram_size": 0,
  "num_attention_heads": 12,
  "num_beams": 1,
  "num_hidden_layers": 12,
  "num_return_sequences": 1,
  "output_attentions": false,
  "output_hidden_states": false,
  "output_past": true,
  "pad_token_id": 0,
  "pooler_fc_size": 768,
  "pooler_num_attention_heads": 12,
  "pooler_num_fc_layers": 3,
  "pooler_size_per_head": 128,
  "pooler_type": "first_token_transform",
  "prefix": null,
  "pruned_heads": {},
  "repetition_penalty": 1.0,
  "task_specific_params": null,
  "temperature": 1.0,
  "top_k": 50,
  "top_p": 1.0,
  "torchscript": false,
  "type_vocab_size": 2,
  "use_bfloat16": false,
  "vocab_size": 119547
}

loading weights file https://s3.amazonaws.com/models.huggingface.co/bert/bert-base-multilingual-cased-pytorch_model.bin from cache at /home/robert1003/.cache/torch/transformers/5b5b80054cd2c95a946a8e0ce0b93f56326dff9fbda6a6c3e02de3c91c918342.7131dcb754361639a7d5526985f880879c9bfd144b65a0bf50590bddb7de9059
Epoch 1/30: training loss = 0.73420, dev loss = 0.33484, dev f1 score = 0.91226, Time 9m 10s (- 266m 9s)
Update best f1: 0.00000 -> 0.91226, saving model to conv.pth
Epoch 2/30: training loss = 0.29493, dev loss = 0.26215, dev f1 score = 0.92014, Time 18m 48s (- 263m 15s)
Update best f1: 0.91226 -> 0.92014, saving model to conv.pth
Epoch 3/30: training loss = 0.23362, dev loss = 0.25077, dev f1 score = 0.92151, Time 28m 32s (- 256m 52s)
Update best f1: 0.92014 -> 0.92151, saving model to conv.pth
Epoch 4/30: training loss = 0.20024, dev loss = 0.22672, dev f1 score = 0.92393, Time 38m 16s (- 248m 48s)
Update best f1: 0.92151 -> 0.92393, saving model to conv.pth
Epoch 5/30: training loss = 0.18037, dev loss = 0.21763, dev f1 score = 0.92221, Time 48m 1s (- 240m 6s)
Epoch 6/30: training loss = 0.16554, dev loss = 0.23091, dev f1 score = 0.91704, Time 57m 22s (- 229m 28s)
Epoch 7/30: training loss = 0.15194, dev loss = 0.23774, dev f1 score = 0.92799, Time 66m 45s (- 219m 19s)
Update best f1: 0.92393 -> 0.92799, saving model to conv.pth
Epoch 8/30: training loss = 0.14437, dev loss = 0.21857, dev f1 score = 0.92756, Time 76m 39s (- 210m 47s)
Epoch 9/30: training loss = 0.13528, dev loss = 0.23394, dev f1 score = 0.92496, Time 86m 0s (- 200m 41s)
Epoch 10/30: training loss = 0.13066, dev loss = 0.23809, dev f1 score = 0.92420, Time 95m 22s (- 190m 44s)
Epoch 11/30: training loss = 0.12271, dev loss = 0.25475, dev f1 score = 0.92400, Time 104m 40s (- 180m 47s)
Epoch 12/30: training loss = 0.12039, dev loss = 0.23054, dev f1 score = 0.92727, Time 114m 6s (- 171m 9s)
Epoch 13/30: training loss = 0.11818, dev loss = 0.25510, dev f1 score = 0.92789, Time 123m 30s (- 161m 30s)
Epoch 14/30: training loss = 0.11260, dev loss = 0.25692, dev f1 score = 0.92328, Time 132m 51s (- 151m 50s)
Epoch 15/30: training loss = 0.11009, dev loss = 0.24393, dev f1 score = 0.92272, Time 142m 10s (- 142m 10s)
Epoch 16/30: training loss = 0.10963, dev loss = 0.29790, dev f1 score = 0.92567, Time 151m 26s (- 132m 31s)
Epoch 17/30: training loss = 0.10710, dev loss = 0.26907, dev f1 score = 0.92517, Time 160m 54s (- 123m 2s)
Epoch 18/30: training loss = 0.10344, dev loss = 0.27079, dev f1 score = 0.92469, Time 170m 15s (- 113m 30s)
Epoch 19/30: training loss = 0.10334, dev loss = 0.28541, dev f1 score = 0.92617, Time 179m 40s (- 104m 1s)
Epoch 20/30: training loss = 0.10346, dev loss = 0.26242, dev f1 score = 0.92566, Time 189m 0s (- 94m 30s)
Epoch 21/30: training loss = 0.10279, dev loss = 0.29881, dev f1 score = 0.92822, Time 198m 19s (- 84m 59s)
Update best f1: 0.92799 -> 0.92822, saving model to conv.pth
Epoch 22/30: training loss = 0.10282, dev loss = 0.27622, dev f1 score = 0.92362, Time 208m 1s (- 75m 38s)
Epoch 23/30: training loss = 0.09520, dev loss = 0.30839, dev f1 score = 0.92801, Time 217m 23s (- 66m 9s)
Epoch 24/30: training loss = 0.10310, dev loss = 0.28788, dev f1 score = 0.92591, Time 226m 40s (- 56m 40s)
Epoch 25/30: training loss = 0.09511, dev loss = 0.28903, dev f1 score = 0.92811, Time 235m 39s (- 47m 7s)
Epoch 26/30: training loss = 0.09453, dev loss = 0.31259, dev f1 score = 0.92892, Time 245m 0s (- 37m 41s)
Update best f1: 0.92822 -> 0.92892, saving model to conv.pth
Epoch 27/30: training loss = 0.09582, dev loss = 0.28805, dev f1 score = 0.92505, Time 254m 48s (- 28m 18s)
Epoch 28/30: training loss = 0.09250, dev loss = 0.30612, dev f1 score = 0.92534, Time 264m 10s (- 18m 52s)
Epoch 29/30: training loss = 0.09343, dev loss = 0.29424, dev f1 score = 0.92769, Time 273m 33s (- 9m 25s)
Epoch 30/30: training loss = 0.09301, dev loss = 0.29692, dev f1 score = 0.92657, Time 282m 56s (- 0m 0s)
Best dev f1: 0.92892
