Namespace(cuda=1, dev_data='../release/dev', dev_ref_file='../release/dev/dev_ref.csv', epochs=30, kernel_size=9, learning_rate=5e-06, log_name='conv.log', model_name='conv.pth', overlap_k=0, pretrained_model='bert-base-multilingual-cased', ratio=None, round=1000, train='conv', train_data='../release/train', use_sampler=False)
loading configuration file https://s3.amazonaws.com/models.huggingface.co/bert/bert-base-multilingual-cased-config.json from cache at /home/robert1003/.cache/torch/transformers/45629519f3117b89d89fd9c740073d8e4c1f0a70f9842476185100a8afe715d1.65df3cef028a0c91a7b059e4c404a975ebe6843c71267b67019c0e9cfa8a88f0
Model config BertConfig {
  "_num_labels": 2,
  "architectures": [
    "BertForMaskedLM"
  ],
  "attention_probs_dropout_prob": 0.1,
  "bad_words_ids": null,
  "bos_token_id": null,
  "decoder_start_token_id": null,
  "directionality": "bidi",
  "do_sample": false,
  "early_stopping": false,
  "eos_token_id": null,
  "finetuning_task": null,
  "hidden_act": "gelu",
  "hidden_dropout_prob": 0.1,
  "hidden_size": 768,
  "id2label": {
    "0": "LABEL_0",
    "1": "LABEL_1"
  },
  "initializer_range": 0.02,
  "intermediate_size": 3072,
  "is_decoder": false,
  "is_encoder_decoder": false,
  "label2id": {
    "LABEL_0": 0,
    "LABEL_1": 1
  },
  "layer_norm_eps": 1e-12,
  "length_penalty": 1.0,
  "max_length": 20,
  "max_position_embeddings": 512,
  "min_length": 0,
  "model_type": "bert",
  "no_repeat_ngram_size": 0,
  "num_attention_heads": 12,
  "num_beams": 1,
  "num_hidden_layers": 12,
  "num_return_sequences": 1,
  "output_attentions": false,
  "output_hidden_states": false,
  "output_past": true,
  "pad_token_id": 0,
  "pooler_fc_size": 768,
  "pooler_num_attention_heads": 12,
  "pooler_num_fc_layers": 3,
  "pooler_size_per_head": 128,
  "pooler_type": "first_token_transform",
  "prefix": null,
  "pruned_heads": {},
  "repetition_penalty": 1.0,
  "task_specific_params": null,
  "temperature": 1.0,
  "top_k": 50,
  "top_p": 1.0,
  "torchscript": false,
  "type_vocab_size": 2,
  "use_bfloat16": false,
  "vocab_size": 119547
}

loading file https://s3.amazonaws.com/models.huggingface.co/bert/bert-base-multilingual-cased-vocab.txt from cache at /home/robert1003/.cache/torch/transformers/96435fa287fbf7e469185f1062386e05a075cadbf6838b74da22bf64b080bc32.99bcd55fc66f4f3360bc49ba472b940b8dcf223ea6a345deb969d607ca900729
loading configuration file https://s3.amazonaws.com/models.huggingface.co/bert/bert-base-multilingual-cased-config.json from cache at /home/robert1003/.cache/torch/transformers/45629519f3117b89d89fd9c740073d8e4c1f0a70f9842476185100a8afe715d1.65df3cef028a0c91a7b059e4c404a975ebe6843c71267b67019c0e9cfa8a88f0
Model config BertConfig {
  "_num_labels": 2,
  "architectures": [
    "BertForMaskedLM"
  ],
  "attention_probs_dropout_prob": 0.1,
  "bad_words_ids": null,
  "bos_token_id": null,
  "decoder_start_token_id": null,
  "directionality": "bidi",
  "do_sample": false,
  "early_stopping": false,
  "eos_token_id": null,
  "finetuning_task": null,
  "hidden_act": "gelu",
  "hidden_dropout_prob": 0.1,
  "hidden_size": 768,
  "id2label": {
    "0": "LABEL_0",
    "1": "LABEL_1"
  },
  "initializer_range": 0.02,
  "intermediate_size": 3072,
  "is_decoder": false,
  "is_encoder_decoder": false,
  "label2id": {
    "LABEL_0": 0,
    "LABEL_1": 1
  },
  "layer_norm_eps": 1e-12,
  "length_penalty": 1.0,
  "max_length": 20,
  "max_position_embeddings": 512,
  "min_length": 0,
  "model_type": "bert",
  "no_repeat_ngram_size": 0,
  "num_attention_heads": 12,
  "num_beams": 1,
  "num_hidden_layers": 12,
  "num_return_sequences": 1,
  "output_attentions": false,
  "output_hidden_states": false,
  "output_past": true,
  "pad_token_id": 0,
  "pooler_fc_size": 768,
  "pooler_num_attention_heads": 12,
  "pooler_num_fc_layers": 3,
  "pooler_size_per_head": 128,
  "pooler_type": "first_token_transform",
  "prefix": null,
  "pruned_heads": {},
  "repetition_penalty": 1.0,
  "task_specific_params": null,
  "temperature": 1.0,
  "top_k": 50,
  "top_p": 1.0,
  "torchscript": false,
  "type_vocab_size": 2,
  "use_bfloat16": false,
  "vocab_size": 119547
}

loading weights file https://s3.amazonaws.com/models.huggingface.co/bert/bert-base-multilingual-cased-pytorch_model.bin from cache at /home/robert1003/.cache/torch/transformers/5b5b80054cd2c95a946a8e0ce0b93f56326dff9fbda6a6c3e02de3c91c918342.7131dcb754361639a7d5526985f880879c9bfd144b65a0bf50590bddb7de9059
Epoch 1/30: training loss = 0.72875, dev loss = 0.36492, dev f1 score = 0.89906, Time 11m 21s (- 329m 24s)
Update best f1: 0.00000 -> 0.89906, saving model to conv.pth
Epoch 2/30: training loss = 0.31088, dev loss = 0.27962, dev f1 score = 0.91895, Time 23m 7s (- 323m 46s)
Update best f1: 0.89906 -> 0.91895, saving model to conv.pth
Epoch 3/30: training loss = 0.23748, dev loss = 0.26495, dev f1 score = 0.92591, Time 34m 55s (- 314m 16s)
Update best f1: 0.91895 -> 0.92591, saving model to conv.pth
Epoch 4/30: training loss = 0.20709, dev loss = 0.22558, dev f1 score = 0.92198, Time 46m 41s (- 303m 31s)
Epoch 5/30: training loss = 0.17892, dev loss = 0.24500, dev f1 score = 0.92374, Time 58m 7s (- 290m 36s)
Epoch 6/30: training loss = 0.16817, dev loss = 0.23774, dev f1 score = 0.92266, Time 69m 32s (- 278m 8s)
Epoch 7/30: training loss = 0.15405, dev loss = 0.22972, dev f1 score = 0.92309, Time 80m 54s (- 265m 50s)
Epoch 8/30: training loss = 0.14349, dev loss = 0.24632, dev f1 score = 0.92490, Time 92m 19s (- 253m 52s)
Epoch 9/30: training loss = 0.14005, dev loss = 0.22879, dev f1 score = 0.92408, Time 103m 44s (- 242m 3s)
Epoch 10/30: training loss = 0.13456, dev loss = 0.24268, dev f1 score = 0.92175, Time 115m 8s (- 230m 16s)
Epoch 11/30: training loss = 0.12791, dev loss = 0.23859, dev f1 score = 0.92806, Time 126m 32s (- 218m 34s)
Update best f1: 0.92591 -> 0.92806, saving model to conv.pth
Epoch 12/30: training loss = 0.12296, dev loss = 0.23400, dev f1 score = 0.92354, Time 138m 20s (- 207m 31s)
Epoch 13/30: training loss = 0.11584, dev loss = 0.24410, dev f1 score = 0.92323, Time 149m 43s (- 195m 47s)
Epoch 14/30: training loss = 0.11434, dev loss = 0.26237, dev f1 score = 0.92313, Time 161m 7s (- 184m 8s)
Epoch 15/30: training loss = 0.11273, dev loss = 0.23481, dev f1 score = 0.92526, Time 172m 28s (- 172m 28s)
Epoch 16/30: training loss = 0.11014, dev loss = 0.25348, dev f1 score = 0.92613, Time 183m 53s (- 160m 54s)
Epoch 17/30: training loss = 0.10958, dev loss = 0.27182, dev f1 score = 0.92019, Time 195m 19s (- 149m 21s)
Epoch 18/30: training loss = 0.10242, dev loss = 0.27582, dev f1 score = 0.92537, Time 206m 43s (- 137m 48s)
Epoch 19/30: training loss = 0.10109, dev loss = 0.25782, dev f1 score = 0.92318, Time 218m 3s (- 126m 14s)
Epoch 20/30: training loss = 0.10310, dev loss = 0.26860, dev f1 score = 0.91961, Time 229m 26s (- 114m 43s)
Epoch 21/30: training loss = 0.09877, dev loss = 0.26855, dev f1 score = 0.92426, Time 240m 43s (- 103m 10s)
Epoch 22/30: training loss = 0.09942, dev loss = 0.26428, dev f1 score = 0.92733, Time 252m 6s (- 91m 40s)
Epoch 23/30: training loss = 0.09878, dev loss = 0.28717, dev f1 score = 0.92487, Time 263m 29s (- 80m 11s)
Epoch 24/30: training loss = 0.09656, dev loss = 0.27640, dev f1 score = 0.92665, Time 274m 55s (- 68m 43s)
Epoch 25/30: training loss = 0.09760, dev loss = 0.28352, dev f1 score = 0.92946, Time 286m 22s (- 57m 16s)
Update best f1: 0.92806 -> 0.92946, saving model to conv.pth
Epoch 26/30: training loss = 0.09593, dev loss = 0.28370, dev f1 score = 0.92384, Time 298m 20s (- 45m 53s)
Epoch 27/30: training loss = 0.09358, dev loss = 0.26697, dev f1 score = 0.92655, Time 309m 47s (- 34m 25s)
Epoch 28/30: training loss = 0.09495, dev loss = 0.26537, dev f1 score = 0.92770, Time 321m 21s (- 22m 57s)
Epoch 29/30: training loss = 0.09892, dev loss = 0.29292, dev f1 score = 0.92035, Time 332m 55s (- 11m 28s)
Epoch 30/30: training loss = 0.09346, dev loss = 0.29065, dev f1 score = 0.92437, Time 344m 28s (- 0m 0s)
Best dev f1: 0.92946
